This is pdfTeX, Version 3.14159265-2.6-1.40.20 (TeX Live 2019/Arch Linux) (preloaded format=pdflatex 2019.12.10)  1 JAN 2020 09:52
entering extended mode
 restricted \write18 enabled.
 %&-line parsing enabled.
**MemoriaMLP.tex
(./MemoriaMLP.tex
LaTeX2e <2019-10-01> patch level 1
(/usr/share/texmf-dist/tex/latex/base/article.cls
Document Class: article 2019/08/27 v1.4j Standard LaTeX document class
(/usr/share/texmf-dist/tex/latex/base/size10.clo
File: size10.clo 2019/08/27 v1.4j Standard LaTeX file (size option)
)
\c@part=\count80
\c@section=\count81
\c@subsection=\count82
\c@subsubsection=\count83
\c@paragraph=\count84
\c@subparagraph=\count85
\c@figure=\count86
\c@table=\count87
\abovecaptionskip=\skip41
\belowcaptionskip=\skip42
\bibindent=\dimen102
)
(/usr/share/texmf-dist/tex/latex/tools/bm.sty
Package: bm 2019/07/24 v1.2d Bold Symbol Support (DPC/FMi)
\symboldoperators=\mathgroup4
\symboldletters=\mathgroup5
\symboldsymbols=\mathgroup6
LaTeX Font Info:    Redeclaring math alphabet \mathbf on input line 141.
LaTeX Info: Redefining \bm on input line 209.
)
(/usr/share/texmf-dist/tex/generic/babel/babel.sty
Package: babel 2019/10/15 3.35 The Babel package

(/usr/share/texmf-dist/tex/generic/babel/switch.def
File: switch.def 2019/10/15 3.35 Babel switching mechanism
)
(/usr/share/texmf-dist/tex/generic/babel-spanish/spanish.ldf
Language: spanish.ldf 2016/03/03 v5.0p Spanish support from the babel system

(/usr/share/texmf-dist/tex/generic/babel/babel.def
File: babel.def 2019/10/15 3.35 Babel common definitions
\babel@savecnt=\count88
\U@D=\dimen103

(/usr/share/texmf-dist/tex/generic/babel/txtbabel.def)
\bbl@dirlevel=\count89
)
\es@quottoks=\toks14
\es@quotdepth=\count90
Package babel Info: Making " an active character on input line 561.
Package babel Info: Making < an active character on input line 707.
Package babel Info: Making > an active character on input line 707.
))
(/usr/share/texmf-dist/tex/latex/base/inputenc.sty
Package: inputenc 2018/08/11 v1.3c Input encoding file
\inpenc@prehook=\toks15
\inpenc@posthook=\toks16
)
(/usr/share/texmf-dist/tex/latex/base/fontenc.sty
Package: fontenc 2018/08/11 v2.0j Standard LaTeX package

(/usr/share/texmf-dist/tex/latex/base/t1enc.def
File: t1enc.def 2018/08/11 v2.0j Standard LaTeX file
LaTeX Font Info:    Redeclaring font encoding T1 on input line 48.
))
(/usr/share/texmf-dist/tex/latex/parskip/parskip.sty
Package: parskip 2019-01-16 v2.0c non-zero parskip adjustments

(/usr/share/texmf-dist/tex/latex/oberdiek/kvoptions.sty
Package: kvoptions 2016/05/16 v3.12 Key value format for package options (HO)

(/usr/share/texmf-dist/tex/latex/graphics/keyval.sty
Package: keyval 2014/10/28 v1.15 key=value parser (DPC)
\KV@toks@=\toks17
)
(/usr/share/texmf-dist/tex/generic/oberdiek/ltxcmds.sty
Package: ltxcmds 2016/05/16 v1.23 LaTeX kernel commands for general use (HO)
)
(/usr/share/texmf-dist/tex/generic/oberdiek/kvsetkeys.sty
Package: kvsetkeys 2016/05/16 v1.17 Key value parser (HO)

(/usr/share/texmf-dist/tex/generic/oberdiek/infwarerr.sty
Package: infwarerr 2016/05/16 v1.4 Providing info/warning/error messages (HO)
)
(/usr/share/texmf-dist/tex/generic/oberdiek/etexcmds.sty
Package: etexcmds 2016/05/16 v1.6 Avoid name clashes with e-TeX commands (HO)

(/usr/share/texmf-dist/tex/generic/oberdiek/ifluatex.sty
Package: ifluatex 2016/05/16 v1.4 Provides the ifluatex switch (HO)
Package ifluatex Info: LuaTeX not detected.
))))
(/usr/share/texmf-dist/tex/latex/etoolbox/etoolbox.sty
Package: etoolbox 2019/09/21 v2.5h e-TeX tools for LaTeX (JAW)
\etb@tempcnta=\count91
))
(/usr/share/texmf-dist/tex/latex/fancyhdr/fancyhdr.sty
Package: fancyhdr 2019/01/31 v3.10 Extensive control of page headers and footer
s
\f@nch@headwidth=\skip43
\f@nch@O@elh=\skip44
\f@nch@O@erh=\skip45
\f@nch@O@olh=\skip46
\f@nch@O@orh=\skip47
\f@nch@O@elf=\skip48
\f@nch@O@erf=\skip49
\f@nch@O@olf=\skip50
\f@nch@O@orf=\skip51
)
(/usr/share/texmf-dist/tex/latex/mathtools/mathtools.sty
Package: mathtools 2019/07/31 v1.22 mathematical typesetting tools

(/usr/share/texmf-dist/tex/latex/tools/calc.sty
Package: calc 2017/05/25 v4.3 Infix arithmetic (KKT,FJ)
\calc@Acount=\count92
\calc@Bcount=\count93
\calc@Adimen=\dimen104
\calc@Bdimen=\dimen105
\calc@Askip=\skip52
\calc@Bskip=\skip53
LaTeX Info: Redefining \setlength on input line 80.
LaTeX Info: Redefining \addtolength on input line 81.
\calc@Ccount=\count94
\calc@Cskip=\skip54
)
(/usr/share/texmf-dist/tex/latex/mathtools/mhsetup.sty
Package: mhsetup 2017/03/31 v1.3 programming setup (MH)
)
(/usr/share/texmf-dist/tex/latex/amsmath/amsmath.sty
Package: amsmath 2019/04/01 v2.17c AMS math features
\@mathmargin=\skip55

For additional information on amsmath, use the `?' option.
(/usr/share/texmf-dist/tex/latex/amsmath/amstext.sty
Package: amstext 2000/06/29 v2.01 AMS text

(/usr/share/texmf-dist/tex/latex/amsmath/amsgen.sty
File: amsgen.sty 1999/11/30 v2.0 generic functions
\@emptytoks=\toks18
\ex@=\dimen106
))
(/usr/share/texmf-dist/tex/latex/amsmath/amsbsy.sty
Package: amsbsy 1999/11/29 v1.2d Bold Symbols
LaTeX Info: Redefining \boldsymbol on input line 28.
\pmbraise@=\dimen107
)
(/usr/share/texmf-dist/tex/latex/amsmath/amsopn.sty
Package: amsopn 2016/03/08 v2.02 operator names
)
\inf@bad=\count95
LaTeX Info: Redefining \frac on input line 227.
\uproot@=\count96
\leftroot@=\count97
LaTeX Info: Redefining \overline on input line 389.
\classnum@=\count98
\DOTSCASE@=\count99
LaTeX Info: Redefining \ldots on input line 486.
LaTeX Info: Redefining \dots on input line 489.
LaTeX Info: Redefining \cdots on input line 610.
\Mathstrutbox@=\box27
\strutbox@=\box28
\big@size=\dimen108
LaTeX Font Info:    Redeclaring font encoding OML on input line 733.
LaTeX Font Info:    Redeclaring font encoding OMS on input line 734.
\macc@depth=\count100
\c@MaxMatrixCols=\count101
\dotsspace@=\muskip10
\c@parentequation=\count102
\dspbrk@lvl=\count103
\tag@help=\toks19
\row@=\count104
\column@=\count105
\maxfields@=\count106
\andhelp@=\toks20
\eqnshift@=\dimen109
\alignsep@=\dimen110
\tagshift@=\dimen111
\tagwidth@=\dimen112
\totwidth@=\dimen113
\lineht@=\dimen114
\@envbody=\toks21
\multlinegap=\skip56
\multlinetaggap=\skip57
\mathdisplay@stack=\toks22
LaTeX Info: Redefining \[ on input line 2855.
LaTeX Info: Redefining \] on input line 2856.
)
LaTeX Info: Thecontrolsequence`\('isalreadyrobust on input line 129.
LaTeX Info: Thecontrolsequence`\)'isalreadyrobust on input line 129.
LaTeX Info: Thecontrolsequence`\['isalreadyrobust on input line 129.
LaTeX Info: Thecontrolsequence`\]'isalreadyrobust on input line 129.
\g_MT_multlinerow_int=\count107
\l_MT_multwidth_dim=\dimen115
\origjot=\skip58
\l_MT_shortvdotswithinadjustabove_dim=\dimen116
\l_MT_shortvdotswithinadjustbelow_dim=\dimen117
\l_MT_above_intertext_sep=\dimen118
\l_MT_below_intertext_sep=\dimen119
\l_MT_above_shortintertext_sep=\dimen120
\l_MT_below_shortintertext_sep=\dimen121
)
(/usr/share/texmf-dist/tex/latex/hyphenat/hyphenat.sty
Package: hyphenat 2009/09/02 v2.3c hyphenation utilities


Package hyphenat Warning: *******************************
(hyphenat)                * You have used the htt option.
(hyphenat)                * You are likely to get many Font Warning messages.
(hyphenat)                * These can usually be ignored.
(hyphenat)                *******************************.

\langwohyphens=\language85
LaTeX Info: Redefining \_ on input line 43.
) (/usr/share/texmf-dist/tex/latex/capt-of/capt-of.sty
Package: capt-of 2009/12/29 v0.2 standard captions outside of floats
)
(/usr/share/texmf-dist/tex/latex/graphics/graphicx.sty
Package: graphicx 2017/06/01 v1.1a Enhanced LaTeX Graphics (DPC,SPQR)

(/usr/share/texmf-dist/tex/latex/graphics/graphics.sty
Package: graphics 2019/10/08 v1.3c Standard LaTeX Graphics (DPC,SPQR)

(/usr/share/texmf-dist/tex/latex/graphics/trig.sty
Package: trig 2016/01/03 v1.10 sin cos tan (DPC)
)
(/usr/share/texmf-dist/tex/latex/graphics-cfg/graphics.cfg
File: graphics.cfg 2016/06/04 v1.11 sample graphics configuration
)
Package graphics Info: Driver file: pdftex.def on input line 105.

(/usr/share/texmf-dist/tex/latex/graphics-def/pdftex.def
File: pdftex.def 2018/01/08 v1.0l Graphics/color driver for pdftex
))
\Gin@req@height=\dimen122
\Gin@req@width=\dimen123
) (./MemoriaMLP.aux
LaTeX Info: Redefining \. on input line 7.
LaTeX Info: Redefining \% on input line 7.
)
\openout1 = `MemoriaMLP.aux'.

LaTeX Font Info:    Checking defaults for OML/cmm/m/it on input line 29.
LaTeX Font Info:    ... okay on input line 29.
LaTeX Font Info:    Checking defaults for T1/cmr/m/n on input line 29.
LaTeX Font Info:    ... okay on input line 29.
LaTeX Font Info:    Checking defaults for OT1/cmr/m/n on input line 29.
LaTeX Font Info:    ... okay on input line 29.
LaTeX Font Info:    Checking defaults for OMS/cmsy/m/n on input line 29.
LaTeX Font Info:    ... okay on input line 29.
LaTeX Font Info:    Checking defaults for OMX/cmex/m/n on input line 29.
LaTeX Font Info:    ... okay on input line 29.
LaTeX Font Info:    Checking defaults for U/cmr/m/n on input line 29.
LaTeX Font Info:    ... okay on input line 29.
LaTeX Info: Redefining \. on input line 29.
LaTeX Info: Redefining \% on input line 29.
LaTeX Font Info:    Trying to load font information for T1+cmtt on input line 2
9.

(/usr/share/texmf-dist/tex/latex/base/t1cmtt.fd
File: t1cmtt.fd 2014/09/29 v2.5h Standard LaTeX font definitions
)

LaTeX Font Warning: Font shape `T1/cmtt/b/n' undefined
(Font)              using `T1/cmtt/m/n' instead on input line 29.


LaTeX Font Warning: Font shape `T1/cmtt/b/it' undefined
(Font)              using `T1/cmtt/b/n' instead on input line 29.


LaTeX Font Warning: Font shape `T1/cmtt/b/sl' undefined
(Font)              using `T1/cmtt/b/n' instead on input line 29.


LaTeX Font Warning: Font shape `T1/cmtt/b/sc' undefined
(Font)              using `T1/cmtt/b/n' instead on input line 29.

LaTeX Font Info:    Font shape `T1/cmtt/bx/n' in size <10> not available
(Font)              Font shape `T1/cmtt/m/n' tried instead on input line 29.
LaTeX Font Info:    Font shape `T1/cmtt/bx/it' in size <10> not available
(Font)              Font shape `T1/cmtt/m/it' tried instead on input line 29.

LaTeX Font Warning: Font shape `T1/cmtt/bx/sl' undefined
(Font)              using `T1/cmtt/bx/n' instead on input line 29.


LaTeX Font Warning: Font shape `T1/cmtt/bx/sc' undefined
(Font)              using `T1/cmtt/bx/n' instead on input line 29.


LaTeX Font Warning: Font shape `T1/cmtt/sb/n' undefined
(Font)              using `T1/cmtt/m/n' instead on input line 29.


LaTeX Font Warning: Font shape `T1/cmtt/sb/it' undefined
(Font)              using `T1/cmtt/sb/n' instead on input line 29.


LaTeX Font Warning: Font shape `T1/cmtt/sb/sl' undefined
(Font)              using `T1/cmtt/sb/n' instead on input line 29.


LaTeX Font Warning: Font shape `T1/cmtt/sb/sc' undefined
(Font)              using `T1/cmtt/sb/n' instead on input line 29.


LaTeX Font Warning: Font shape `T1/cmtt/c/n' undefined
(Font)              using `T1/cmtt/m/n' instead on input line 29.


LaTeX Font Warning: Font shape `T1/cmtt/c/it' undefined
(Font)              using `T1/cmtt/c/n' instead on input line 29.


LaTeX Font Warning: Font shape `T1/cmtt/c/sl' undefined
(Font)              using `T1/cmtt/c/n' instead on input line 29.


LaTeX Font Warning: Font shape `T1/cmtt/c/sc' undefined
(Font)              using `T1/cmtt/c/n' instead on input line 29.


LaTeX Font Warning: Font shape `T1/cmtt/l/n' undefined
(Font)              using `T1/cmtt/m/n' instead on input line 29.


LaTeX Font Warning: Font shape `T1/cmtt/l/it' undefined
(Font)              using `T1/cmtt/l/n' instead on input line 29.


LaTeX Font Warning: Font shape `T1/cmtt/l/sl' undefined
(Font)              using `T1/cmtt/l/n' instead on input line 29.


LaTeX Font Warning: Font shape `T1/cmtt/l/sc' undefined
(Font)              using `T1/cmtt/l/n' instead on input line 29.


LaTeX Font Warning: Font shape `T1/cmtt/m/ui' undefined
(Font)              using `T1/cmtt/m/n' instead on input line 29.


LaTeX Font Warning: Font shape `T1/cmtt/bx/ui' undefined
(Font)              using `T1/cmtt/bx/n' instead on input line 29.


LaTeX Font Warning: Font shape `T1/cmtt/m/In' undefined
(Font)              using `T1/cmtt/m/n' instead on input line 29.

(/usr/share/texmf-dist/tex/context/base/mkii/supp-pdf.mkii
[Loading MPS to PDF converter (version 2006.09.02).]
\scratchcounter=\count108
\scratchdimen=\dimen124
\scratchbox=\box29
\nofMPsegments=\count109
\nofMParguments=\count110
\everyMPshowfont=\toks23
\MPscratchCnt=\count111
\MPscratchDim=\dimen125
\MPnumerator=\count112
\makeMPintoPDFobject=\count113
\everyMPtoPDFconversion=\toks24
) (/usr/share/texmf-dist/tex/latex/oberdiek/epstopdf-base.sty
Package: epstopdf-base 2016/05/15 v2.6 Base part for package epstopdf

(/usr/share/texmf-dist/tex/latex/oberdiek/grfext.sty
Package: grfext 2016/05/16 v1.2 Manage graphics extensions (HO)

(/usr/share/texmf-dist/tex/generic/oberdiek/kvdefinekeys.sty
Package: kvdefinekeys 2016/05/16 v1.4 Define keys (HO)
))
(/usr/share/texmf-dist/tex/generic/oberdiek/pdftexcmds.sty
Package: pdftexcmds 2019/07/25 v0.30 Utility functions of pdfTeX for LuaTeX (HO
)

(/usr/share/texmf-dist/tex/generic/oberdiek/ifpdf.sty
Package: ifpdf 2018/09/07 v3.3 Provides the ifpdf switch
)
Package pdftexcmds Info: LuaTeX not detected.
Package pdftexcmds Info: \pdf@primitive is available.
Package pdftexcmds Info: \pdf@ifprimitive is available.
Package pdftexcmds Info: \pdfdraftmode found.
)
Package epstopdf-base Info: Redefining graphics rule for `.eps' on input line 4
38.
Package grfext Info: Graphics extension search list:
(grfext)             [.pdf,.png,.jpg,.mps,.jpeg,.jbig2,.jb2,.PDF,.PNG,.JPG,.JPE
G,.JBIG2,.JB2,.eps]
(grfext)             \AppendGraphicsExtensions on input line 456.

(/usr/share/texmf-dist/tex/latex/latexconfig/epstopdf-sys.cfg
File: epstopdf-sys.cfg 2010/07/13 v1.3 Configuration of (r)epstopdf for TeX Liv
e
)) [1

{/var/lib/texmf/fonts/map/pdftex/updmap/pdftex.map}] (./MemoriaMLP.toc
LaTeX Info: Redefining \. on input line 1.
LaTeX Info: Redefining \% on input line 1.
)
\tf@toc=\write3
\openout3 = `MemoriaMLP.toc'.

 (./MemoriaMLP.lof
LaTeX Info: Redefining \. on input line 1.
LaTeX Info: Redefining \% on input line 1.
)
\tf@lof=\write4
\openout4 = `MemoriaMLP.lof'.


[2]
<./images/2_mnist.png, id=14, 191.71625pt x 201.75375pt>
File: ./images/2_mnist.png Graphic file (type png)
<use ./images/2_mnist.png>
Package pdftex.def Info: ./images/2_mnist.png  used on input line 55.
(pdftex.def)             Requested size: 200.75073pt x 211.27507pt.
 [3 <./images/2_mnist.png>]
File: ./images/2_mnist.png Graphic file (type png)
<use ./images/2_mnist.png>
Package pdftex.def Info: ./images/2_mnist.png  used on input line 57.
(pdftex.def)             Requested size: 200.75073pt x 211.27507pt.
File: ./images/2_mnist.png Graphic file (type png)
<use ./images/2_mnist.png>
Package pdftex.def Info: ./images/2_mnist.png  used on input line 59.
(pdftex.def)             Requested size: 200.75073pt x 211.27507pt.
File: ./images/2_mnist.png Graphic file (type png)
<use ./images/2_mnist.png>
Package pdftex.def Info: ./images/2_mnist.png  used on input line 61.
(pdftex.def)             Requested size: 200.75073pt x 211.27507pt.
 [4]
File: ./images/2_mnist.png Graphic file (type png)
<use ./images/2_mnist.png>
Package pdftex.def Info: ./images/2_mnist.png  used on input line 63.
(pdftex.def)             Requested size: 200.75073pt x 211.27507pt.
 [5] [6] (./MemoriaMLP.aux
LaTeX Info: Redefining \. on input line 7.
LaTeX Info: Redefining \% on input line 7.
)

LaTeX Font Warning: Some font shapes were not available, defaults substituted.

 ) 
Here is how much of TeX's memory you used:
 4501 strings out of 492167
 60238 string characters out of 6131557
 147628 words of memory out of 5000000
 8763 multiletter control sequences out of 15000+600000
 19587 words of font info for 57 fonts, out of 8000000 for 9000
 1141 hyphenation exceptions out of 8191
 42i,10n,45p,1110b,361s stack positions out of 5000i,500n,10000p,200000b,80000s
{/usr/share/texmf-dist/fonts/enc/dvips/cm-super/cm-super-t1.enc}</usr/share/t
exmf-dist/fonts/type1/public/cm-super/sfbx1000.pfb></usr/share/texmf-dist/fonts
/type1/public/cm-super/sfbx1440.pfb></usr/share/texmf-dist/fonts/type1/public/c
m-super/sfrm1000.pfb></usr/share/texmf-dist/fonts/type1/public/cm-super/sfrm120
0.pfb></usr/share/texmf-dist/fonts/type1/public/cm-super/sfrm1728.pfb></usr/sha
re/texmf-dist/fonts/type1/public/cm-super/sfti1000.pfb>
Output written on MemoriaMLP.pdf (6 pages, 117328 bytes).
PDF statistics:
 51 PDF objects out of 1000 (max. 8388607)
 34 compressed objects within 1 object stream
 0 named destinations out of 1000 (max. 500000)
 6 words of extra memory for PDF output out of 10000 (max. 10000000)

